<?xml version="1.0" encoding="UTF-8"?>
<testsuite xmlns:xsi="http://www.w3.org/2001/XMLSchema-instance" xsi:noNamespaceSchemaLocation="https://maven.apache.org/surefire/maven-surefire-plugin/xsd/surefire-test-report.xsd" name="fil.coo.FileCheckerTest" time="0.006" tests="4" errors="0" skipped="0" failures="0">
  <properties>
    <property name="sun.desktop" value="gnome"/>
    <property name="awt.toolkit" value="sun.awt.X11.XToolkit"/>
    <property name="file.encoding.pkg" value="sun.io"/>
    <property name="java.specification.version" value="1.8"/>
    <property name="sun.cpu.isalist" value=""/>
    <property name="sun.jnu.encoding" value="UTF-8"/>
    <property name="java.class.path" value="/home/assia/pluginProjet/target/test-classes:/home/assia/pluginProjet/target/classes:/home/assia/.m2/repository/junit/junit/4.11/junit-4.11.jar:/home/assia/.m2/repository/org/hamcrest/hamcrest-core/1.3/hamcrest-core-1.3.jar:"/>
    <property name="java.vm.vendor" value="Oracle Corporation"/>
    <property name="sun.arch.data.model" value="64"/>
    <property name="java.vendor.url" value="http://java.oracle.com/"/>
    <property name="user.timezone" value=""/>
    <property name="java.vm.specification.version" value="1.8"/>
    <property name="os.name" value="Linux"/>
    <property name="user.country" value="FR"/>
    <property name="sun.java.launcher" value="SUN_STANDARD"/>
    <property name="sun.boot.library.path" value="/usr/lib/java/jdk1.8.0_191/jre/lib/amd64"/>
    <property name="sun.java.command" value="/home/assia/pluginProjet/target/surefire/surefirebooter4589769936797504754.jar /home/assia/pluginProjet/target/surefire 2018-12-19T08-19-59_399-jvmRun1 surefire5681945757728503612tmp surefire_05636066470349867676tmp"/>
    <property name="surefire.test.class.path" value="/home/assia/pluginProjet/target/test-classes:/home/assia/pluginProjet/target/classes:/home/assia/.m2/repository/junit/junit/4.11/junit-4.11.jar:/home/assia/.m2/repository/org/hamcrest/hamcrest-core/1.3/hamcrest-core-1.3.jar:"/>
    <property name="sun.cpu.endian" value="little"/>
    <property name="user.home" value="/home/assia"/>
    <property name="user.language" value="fr"/>
    <property name="java.specification.vendor" value="Oracle Corporation"/>
    <property name="java.home" value="/usr/lib/java/jdk1.8.0_191/jre"/>
    <property name="basedir" value="/home/assia/pluginProjet"/>
    <property name="file.separator" value="/"/>
    <property name="line.separator" value="&#10;"/>
    <property name="java.vm.specification.vendor" value="Oracle Corporation"/>
    <property name="java.specification.name" value="Java Platform API Specification"/>
    <property name="java.awt.graphicsenv" value="sun.awt.X11GraphicsEnvironment"/>
    <property name="surefire.real.class.path" value="/home/assia/pluginProjet/target/surefire/surefirebooter4589769936797504754.jar"/>
    <property name="sun.boot.class.path" value="/usr/lib/java/jdk1.8.0_191/jre/lib/resources.jar:/usr/lib/java/jdk1.8.0_191/jre/lib/rt.jar:/usr/lib/java/jdk1.8.0_191/jre/lib/sunrsasign.jar:/usr/lib/java/jdk1.8.0_191/jre/lib/jsse.jar:/usr/lib/java/jdk1.8.0_191/jre/lib/jce.jar:/usr/lib/java/jdk1.8.0_191/jre/lib/charsets.jar:/usr/lib/java/jdk1.8.0_191/jre/lib/jfr.jar:/usr/lib/java/jdk1.8.0_191/jre/classes"/>
    <property name="sun.management.compiler" value="HotSpot 64-Bit Tiered Compilers"/>
    <property name="java.runtime.version" value="1.8.0_191-b12"/>
    <property name="user.name" value="assia"/>
    <property name="path.separator" value=":"/>
    <property name="os.version" value="4.15.0-42-generic"/>
    <property name="java.endorsed.dirs" value="/usr/lib/java/jdk1.8.0_191/jre/lib/endorsed"/>
    <property name="java.runtime.name" value="Java(TM) SE Runtime Environment"/>
    <property name="file.encoding" value="UTF-8"/>
    <property name="java.vm.name" value="Java HotSpot(TM) 64-Bit Server VM"/>
    <property name="localRepository" value="/home/assia/.m2/repository"/>
    <property name="java.vendor.url.bug" value="http://bugreport.sun.com/bugreport/"/>
    <property name="java.io.tmpdir" value="/tmp"/>
    <property name="java.version" value="1.8.0_191"/>
    <property name="user.dir" value="/home/assia/pluginProjet"/>
    <property name="os.arch" value="amd64"/>
    <property name="java.vm.specification.name" value="Java Virtual Machine Specification"/>
    <property name="java.awt.printerjob" value="sun.print.PSPrinterJob"/>
    <property name="sun.os.patch.level" value="unknown"/>
    <property name="java.library.path" value="/usr/java/packages/lib/amd64:/usr/lib64:/lib64:/lib:/usr/lib"/>
    <property name="java.vm.info" value="mixed mode"/>
    <property name="java.vendor" value="Oracle Corporation"/>
    <property name="java.vm.version" value="25.191-b12"/>
    <property name="java.ext.dirs" value="/usr/lib/java/jdk1.8.0_191/jre/lib/ext:/usr/java/packages/lib/ext"/>
    <property name="sun.io.unicode.encoding" value="UnicodeLittle"/>
    <property name="java.class.version" value="52.0"/>
  </properties>
  <testcase name="testRemoveFileListener" classname="fil.coo.FileCheckerTest" time="0"/>
  <testcase name="testFileChecker" classname="fil.coo.FileCheckerTest" time="0"/>
  <testcase name="testAddFileListener" classname="fil.coo.FileCheckerTest" time="0"/>
  <testcase name="testFireFileAdded" classname="fil.coo.FileCheckerTest" time="0.001"/>
</testsuite>